<?xml version="1.0" encoding="UTF-8" standalone="no"?>
<!DOCTYPE log SYSTEM "logger.dtd">
<log>
<record>
  <date>2023-12-04T10:28:18</date>
  <millis>1701665898991</millis>
  <sequence>3</sequence>
  <logger>ar.com.crowsoft.cvxi</logger>
  <level>INFO</level>
  <class>buggymastercode.BuggyMasterCodeApp</class>
  <method>startLog</method>
  <thread>17</thread>
  <message>initializing BuggyMasterCode</message>
</record>
<record>
  <date>2023-12-04T10:28:18</date>
  <millis>1701665898993</millis>
  <sequence>4</sequence>
  <logger>ar.com.crowsoft.cvxi</logger>
  <level>INFO</level>
  <class>buggymastercode.BuggyMasterCodeApp</class>
  <method>startLog</method>
  <thread>17</thread>
  <message>running in: C:\Users\bv25\Desktop\VB to Java\vb6-to-java-master\vb6-to-java-master\BuggyMasterCode</message>
</record>
</log>
